3
5
6
9
11
12
15
17
18
19
20
21
31
55
77
80
91
122
124
3
5
6
9
11
12
15
17
18
19
20
21
31
55
77
80
91
122
124
3
5
6
9
11
12
15
17
18
19
20
21
31
55
77
80
91
122
124
3
5
6
9
11
12
15
17
18
19
20
21
31
55
77
80
91
122
124
3
5
6
9
11
12
15
17
18
19
20
21
31
55
77
80
91
122
124
10
13
16
22
110
24
26
28
30
34
35
36
37
38
40
41
42
44
45
49
51
58
69
96
104
107
109
113
2
7
8
14
56
72
74
90
94
95
98
99
100
101
108
114
1
29
93
3
5
6
9
11
12
15
17
18
19
20
21
31
55
77
80
91
122
124
3
5
6
9
11
12
15
17
18
19
20
21
31
55
77
80
91
122
124
10
13
16
22
110
62
86
87
88
112
2
7
8
14
56
72
74
90
94
95
98
99
100
101
108
114
3
5
6
9
11
12
15
17
18
19
20
21
31
55
77
80
91
122
124
3
5
6
9
11
12
15
17
18
19
20
21
31
55
77
80
91
122
124
3
5
6
9
11
12
15
17
18
19
20
21
31
55
77
80
91
122
124
10
13
16
22
110
3
5
6
9
11
12
15
17
18
19
20
21
31
55
77
80
91
122
124
3
5
6
9
11
12
15
17
18
19
20
21
31
55
77
80
91
122
124
68
82
3
5
6
9
11
12
15
17
18
19
20
21
31
55
77
80
91
122
124
10
13
16
22
110
3
5
6
9
11
12
15
17
18
19
20
21
31
55
77
80
91
122
124
2
7
8
14
56
72
74
90
94
95
98
99
100
101
108
114
3
5
6
9
11
12
15
17
18
19
20
21
31
55
77
80
91
122
124
3
5
6
9
11
12
15
17
18
19
20
21
31
55
77
80
91
122
124
3
5
6
9
11
12
15
17
18
19
20
21
31
55
77
80
91
122
124
10
13
16
22
110
3
5
6
9
11
12
15
17
18
19
20
21
31
55
77
80
91
122
124
3
5
6
9
11
12
15
17
18
19
20
21
31
55
77
80
91
122
124
10
13
16
22
110
24
26
28
30
34
35
36
37
38
40
41
42
44
45
49
51
58
69
96
104
107
109
113
33
52
54
53
59
102
1
29
93
64
65
103
68
82
3
5
6
9
11
12
15
17
18
19
20
21
31
55
77
80
91
122
124
10
13
16
22
110
24
26
28
30
34
35
36
37
38
40
41
42
44
45
49
51
58
69
96
104
107
109
113
2
7
8
14
56
72
74
90
94
95
98
99
100
101
108
114
62
86
87
88
112
64
65
103
3
5
6
9
11
12
15
17
18
19
20
21
31
55
77
80
91
122
124
10
13
16
22
110
